[*********************100%***********************]  1 of 1 completed
C:\Users\vibis\AppData\Local\Programs\Python\Python311\Lib\site-packages\keras\src\layers\rnn\rnn.py:204: UserWarning: Do not pass an `input_shape`/`input_dim` argument to a layer. When using Sequential models, prefer using an `Input(shape)` object as the first layer in the model instead.
  super().__init__(**kwargs)
Epoch 1/10

[1m1/5[0m [32mâ”â”â”â”[0m[37mâ”â”â”â”â”â”â”â”â”â”â”â”â”â”â”â”[0m [1m4s[0m 1s/step - loss: 0.3877
[1m5/5[0m [32mâ”â”â”â”â”â”â”â”â”â”â”â”â”â”â”â”â”â”â”â”[0m[37m[0m [1m0s[0m 13ms/step - loss: 0.3360
[1m5/5[0m [32mâ”â”â”â”â”â”â”â”â”â”â”â”â”â”â”â”â”â”â”â”[0m[37m[0m [1m1s[0m 51ms/step - loss: 0.3284 - val_loss: 0.3658
Epoch 2/10

[1m1/5[0m [32mâ”â”â”â”[0m[37mâ”â”â”â”â”â”â”â”â”â”â”â”â”â”â”â”[0m [1m0s[0m 24ms/step - loss: 0.1507
[1m5/5[0m [32mâ”â”â”â”â”â”â”â”â”â”â”â”â”â”â”â”â”â”â”â”[0m[37m[0m [1m0s[0m 17ms/step - loss: 0.1135 - val_loss: 0.0432
Epoch 3/10

[1m1/5[0m [32mâ”â”â”â”[0m[37mâ”â”â”â”â”â”â”â”â”â”â”â”â”â”â”â”[0m [1m0s[0m 24ms/step - loss: 0.0272
[1m5/5[0m [32mâ”â”â”â”â”â”â”â”â”â”â”â”â”â”â”â”â”â”â”â”[0m[37m[0m [1m0s[0m 17ms/step - loss: 0.0304 - val_loss: 0.0059
Epoch 4/10

[1m1/5[0m [32mâ”â”â”â”[0m[37mâ”â”â”â”â”â”â”â”â”â”â”â”â”â”â”â”[0m [1m0s[0m 24ms/step - loss: 0.0173
[1m5/5[0m [32mâ”â”â”â”â”â”â”â”â”â”â”â”â”â”â”â”â”â”â”â”[0m[37m[0m [1m0s[0m 17ms/step - loss: 0.0143 - val_loss: 0.0541
Epoch 5/10

[1m1/5[0m [32mâ”â”â”â”[0m[37mâ”â”â”â”â”â”â”â”â”â”â”â”â”â”â”â”[0m [1m0s[0m 24ms/step - loss: 0.0170
[1m5/5[0m [32mâ”â”â”â”â”â”â”â”â”â”â”â”â”â”â”â”â”â”â”â”[0m[37m[0m [1m0s[0m 17ms/step - loss: 0.0157 - val_loss: 0.0438
Epoch 6/10

[1m1/5[0m [32mâ”â”â”â”[0m[37mâ”â”â”â”â”â”â”â”â”â”â”â”â”â”â”â”[0m [1m0s[0m 24ms/step - loss: 0.0089
[1m5/5[0m [32mâ”â”â”â”â”â”â”â”â”â”â”â”â”â”â”â”â”â”â”â”[0m[37m[0m [1m0s[0m 17ms/step - loss: 0.0077 - val_loss: 0.0186
Epoch 7/10

[1m1/5[0m [32mâ”â”â”â”[0m[37mâ”â”â”â”â”â”â”â”â”â”â”â”â”â”â”â”[0m [1m0s[0m 23ms/step - loss: 0.0053
[1m5/5[0m [32mâ”â”â”â”â”â”â”â”â”â”â”â”â”â”â”â”â”â”â”â”[0m[37m[0m [1m0s[0m 13ms/step - loss: 0.0059
[1m5/5[0m [32mâ”â”â”â”â”â”â”â”â”â”â”â”â”â”â”â”â”â”â”â”[0m[37m[0m [1m0s[0m 17ms/step - loss: 0.0059 - val_loss: 0.0118
Epoch 8/10

[1m1/5[0m [32mâ”â”â”â”[0m[37mâ”â”â”â”â”â”â”â”â”â”â”â”â”â”â”â”[0m [1m0s[0m 24ms/step - loss: 0.0079
[1m5/5[0m [32mâ”â”â”â”â”â”â”â”â”â”â”â”â”â”â”â”â”â”â”â”[0m[37m[0m [1m0s[0m 17ms/step - loss: 0.0062 - val_loss: 0.0160
Epoch 9/10

[1m1/5[0m [32mâ”â”â”â”[0m[37mâ”â”â”â”â”â”â”â”â”â”â”â”â”â”â”â”[0m [1m0s[0m 24ms/step - loss: 0.0053
[1m5/5[0m [32mâ”â”â”â”â”â”â”â”â”â”â”â”â”â”â”â”â”â”â”â”[0m[37m[0m [1m0s[0m 17ms/step - loss: 0.0043 - val_loss: 0.0203
Epoch 10/10

[1m1/5[0m [32mâ”â”â”â”[0m[37mâ”â”â”â”â”â”â”â”â”â”â”â”â”â”â”â”[0m [1m0s[0m 23ms/step - loss: 0.0045
[1m5/5[0m [32mâ”â”â”â”â”â”â”â”â”â”â”â”â”â”â”â”â”â”â”â”[0m[37m[0m [1m0s[0m 17ms/step - loss: 0.0046 - val_loss: 0.0176

[1m1/2[0m [32mâ”â”â”â”â”â”â”â”â”â”[0m[37mâ”â”â”â”â”â”â”â”â”â”[0m [1m0s[0m 110ms/step
[1m2/2[0m [32mâ”â”â”â”â”â”â”â”â”â”â”â”â”â”â”â”â”â”â”â”[0m[37m[0m [1m0s[0m 105ms/step
[1m2/2[0m [32mâ”â”â”â”â”â”â”â”â”â”â”â”â”â”â”â”â”â”â”â”[0m[37m[0m [1m0s[0m 105ms/step

[1m1/1[0m [32mâ”â”â”â”â”â”â”â”â”â”â”â”â”â”â”â”â”â”â”â”[0m[37m[0m [1m0s[0m 11ms/step
[1m1/1[0m [32mâ”â”â”â”â”â”â”â”â”â”â”â”â”â”â”â”â”â”â”â”[0m[37m[0m [1m0s[0m 11ms/step
