[*********************100%***********************]  1 of 1 completed
C:\Users\vibis\AppData\Local\Programs\Python\Python311\Lib\site-packages\keras\src\layers\rnn\rnn.py:204: UserWarning: Do not pass an `input_shape`/`input_dim` argument to a layer. When using Sequential models, prefer using an `Input(shape)` object as the first layer in the model instead.
  super().__init__(**kwargs)
Epoch 1/10

[1m1/5[0m [32mâ”â”â”â”[0m[37mâ”â”â”â”â”â”â”â”â”â”â”â”â”â”â”â”[0m [1m4s[0m 1s/step - loss: 0.4419
[1m5/5[0m [32mâ”â”â”â”â”â”â”â”â”â”â”â”â”â”â”â”â”â”â”â”[0m[37m[0m [1m0s[0m 13ms/step - loss: 0.3679
[1m5/5[0m [32mâ”â”â”â”â”â”â”â”â”â”â”â”â”â”â”â”â”â”â”â”[0m[37m[0m [1m1s[0m 52ms/step - loss: 0.3573 - val_loss: 0.3116
Epoch 2/10

[1m1/5[0m [32mâ”â”â”â”[0m[37mâ”â”â”â”â”â”â”â”â”â”â”â”â”â”â”â”[0m [1m0s[0m 24ms/step - loss: 0.1329
[1m5/5[0m [32mâ”â”â”â”â”â”â”â”â”â”â”â”â”â”â”â”â”â”â”â”[0m[37m[0m [1m0s[0m 17ms/step - loss: 0.0962 - val_loss: 0.0317
Epoch 3/10

[1m1/5[0m [32mâ”â”â”â”[0m[37mâ”â”â”â”â”â”â”â”â”â”â”â”â”â”â”â”[0m [1m0s[0m 24ms/step - loss: 0.0236
[1m5/5[0m [32mâ”â”â”â”â”â”â”â”â”â”â”â”â”â”â”â”â”â”â”â”[0m[37m[0m [1m0s[0m 17ms/step - loss: 0.0197 - val_loss: 0.0285
Epoch 4/10

[1m1/5[0m [32mâ”â”â”â”[0m[37mâ”â”â”â”â”â”â”â”â”â”â”â”â”â”â”â”[0m [1m0s[0m 24ms/step - loss: 0.0210
[1m5/5[0m [32mâ”â”â”â”â”â”â”â”â”â”â”â”â”â”â”â”â”â”â”â”[0m[37m[0m [1m0s[0m 17ms/step - loss: 0.0218 - val_loss: 0.0346
Epoch 5/10

[1m1/5[0m [32mâ”â”â”â”[0m[37mâ”â”â”â”â”â”â”â”â”â”â”â”â”â”â”â”[0m [1m0s[0m 24ms/step - loss: 0.0131
[1m5/5[0m [32mâ”â”â”â”â”â”â”â”â”â”â”â”â”â”â”â”â”â”â”â”[0m[37m[0m [1m0s[0m 17ms/step - loss: 0.0118 - val_loss: 0.0232
Epoch 6/10

[1m1/5[0m [32mâ”â”â”â”[0m[37mâ”â”â”â”â”â”â”â”â”â”â”â”â”â”â”â”[0m [1m0s[0m 25ms/step - loss: 0.0057
[1m5/5[0m [32mâ”â”â”â”â”â”â”â”â”â”â”â”â”â”â”â”â”â”â”â”[0m[37m[0m [1m0s[0m 17ms/step - loss: 0.0061 - val_loss: 0.0212
Epoch 7/10

[1m1/5[0m [32mâ”â”â”â”[0m[37mâ”â”â”â”â”â”â”â”â”â”â”â”â”â”â”â”[0m [1m0s[0m 24ms/step - loss: 0.0068
[1m5/5[0m [32mâ”â”â”â”â”â”â”â”â”â”â”â”â”â”â”â”â”â”â”â”[0m[37m[0m [1m0s[0m 17ms/step - loss: 0.0065 - val_loss: 0.0218
Epoch 8/10

[1m1/5[0m [32mâ”â”â”â”[0m[37mâ”â”â”â”â”â”â”â”â”â”â”â”â”â”â”â”[0m [1m0s[0m 25ms/step - loss: 0.0075
[1m5/5[0m [32mâ”â”â”â”â”â”â”â”â”â”â”â”â”â”â”â”â”â”â”â”[0m[37m[0m [1m0s[0m 17ms/step - loss: 0.0064 - val_loss: 0.0157
Epoch 9/10

[1m1/5[0m [32mâ”â”â”â”[0m[37mâ”â”â”â”â”â”â”â”â”â”â”â”â”â”â”â”[0m [1m0s[0m 25ms/step - loss: 0.0041
[1m5/5[0m [32mâ”â”â”â”â”â”â”â”â”â”â”â”â”â”â”â”â”â”â”â”[0m[37m[0m [1m0s[0m 17ms/step - loss: 0.0043 - val_loss: 0.0130
Epoch 10/10

[1m1/5[0m [32mâ”â”â”â”[0m[37mâ”â”â”â”â”â”â”â”â”â”â”â”â”â”â”â”[0m [1m0s[0m 25ms/step - loss: 0.0039
[1m5/5[0m [32mâ”â”â”â”â”â”â”â”â”â”â”â”â”â”â”â”â”â”â”â”[0m[37m[0m [1m0s[0m 17ms/step - loss: 0.0040 - val_loss: 0.0144

[1m1/2[0m [32mâ”â”â”â”â”â”â”â”â”â”[0m[37mâ”â”â”â”â”â”â”â”â”â”[0m [1m0s[0m 113ms/step
[1m2/2[0m [32mâ”â”â”â”â”â”â”â”â”â”â”â”â”â”â”â”â”â”â”â”[0m[37m[0m [1m0s[0m 106ms/step
[1m2/2[0m [32mâ”â”â”â”â”â”â”â”â”â”â”â”â”â”â”â”â”â”â”â”[0m[37m[0m [1m0s[0m 106ms/step

[1m1/1[0m [32mâ”â”â”â”â”â”â”â”â”â”â”â”â”â”â”â”â”â”â”â”[0m[37m[0m [1m0s[0m 11ms/step
[1m1/1[0m [32mâ”â”â”â”â”â”â”â”â”â”â”â”â”â”â”â”â”â”â”â”[0m[37m[0m [1m0s[0m 11ms/step
